[2024-01-24 20:09:33] app.ERROR: Class "AdminLinkWidgetController" not found in controllers/admin [] []
[2024-01-24 20:09:37] app.INFO: Exporting mail with theme modern for language Français (French) [] []
[2024-01-24 20:09:37] app.INFO: Core output folder: C:\xampp\htdocs\exercice/mails [] []
[2024-01-24 20:09:37] app.INFO: Modules output folder: C:\xampp\htdocs\exercice/modules/ [] []
[2024-01-24 20:09:41] app.INFO: Exporting mail with theme modern for language ‫العربية (Arabic) [] []
[2024-01-24 20:09:41] app.INFO: Core output folder: C:\xampp\htdocs\exercice/mails [] []
[2024-01-24 20:09:41] app.INFO: Modules output folder: C:\xampp\htdocs\exercice/modules/ [] []
[2024-01-24 20:09:41] app.INFO: Generate html template account at C:\xampp\htdocs\exercice/mails\ar\account.html [] []
[2024-01-24 20:09:41] app.INFO: Generate txt template account at C:\xampp\htdocs\exercice/mails\ar\account.txt [] []
[2024-01-24 20:09:41] app.INFO: Generate html template backoffice_order at C:\xampp\htdocs\exercice/mails\ar\backoffice_order.html [] []
[2024-01-24 20:09:41] app.INFO: Generate txt template backoffice_order at C:\xampp\htdocs\exercice/mails\ar\backoffice_order.txt [] []
[2024-01-24 20:09:41] app.INFO: Generate html template bankwire at C:\xampp\htdocs\exercice/mails\ar\bankwire.html [] []
[2024-01-24 20:09:41] app.INFO: Generate txt template bankwire at C:\xampp\htdocs\exercice/mails\ar\bankwire.txt [] []
[2024-01-24 20:09:41] app.INFO: Generate html template cheque at C:\xampp\htdocs\exercice/mails\ar\cheque.html [] []
[2024-01-24 20:09:41] app.INFO: Generate txt template cheque at C:\xampp\htdocs\exercice/mails\ar\cheque.txt [] []
[2024-01-24 20:09:41] app.INFO: Generate html template contact at C:\xampp\htdocs\exercice/mails\ar\contact.html [] []
[2024-01-24 20:09:41] app.INFO: Generate txt template contact at C:\xampp\htdocs\exercice/mails\ar\contact.txt [] []
[2024-01-24 20:09:41] app.INFO: Generate html template contact_form at C:\xampp\htdocs\exercice/mails\ar\contact_form.html [] []
[2024-01-24 20:09:41] app.INFO: Generate txt template contact_form at C:\xampp\htdocs\exercice/mails\ar\contact_form.txt [] []
[2024-01-24 20:09:41] app.INFO: Generate html template credit_slip at C:\xampp\htdocs\exercice/mails\ar\credit_slip.html [] []
[2024-01-24 20:09:41] app.INFO: Generate txt template credit_slip at C:\xampp\htdocs\exercice/mails\ar\credit_slip.txt [] []
[2024-01-24 20:09:42] app.INFO: Generate html template download_product at C:\xampp\htdocs\exercice/mails\ar\download_product.html [] []
[2024-01-24 20:09:42] app.INFO: Generate txt template download_product at C:\xampp\htdocs\exercice/mails\ar\download_product.txt [] []
[2024-01-24 20:09:42] app.INFO: Generate html template employee_password at C:\xampp\htdocs\exercice/mails\ar\employee_password.html [] []
[2024-01-24 20:09:42] app.INFO: Generate txt template employee_password at C:\xampp\htdocs\exercice/mails\ar\employee_password.txt [] []
[2024-01-24 20:09:42] app.INFO: Generate html template forward_msg at C:\xampp\htdocs\exercice/mails\ar\forward_msg.html [] []
[2024-01-24 20:09:42] app.INFO: Generate txt template forward_msg at C:\xampp\htdocs\exercice/mails\ar\forward_msg.txt [] []
[2024-01-24 20:09:42] app.INFO: Generate html template guest_to_customer at C:\xampp\htdocs\exercice/mails\ar\guest_to_customer.html [] []
[2024-01-24 20:09:42] app.INFO: Generate txt template guest_to_customer at C:\xampp\htdocs\exercice/mails\ar\guest_to_customer.txt [] []
[2024-01-24 20:09:42] app.INFO: Generate html template import at C:\xampp\htdocs\exercice/mails\ar\import.html [] []
[2024-01-24 20:09:42] app.INFO: Generate txt template import at C:\xampp\htdocs\exercice/mails\ar\import.txt [] []
[2024-01-24 20:09:42] app.INFO: Generate html template in_transit at C:\xampp\htdocs\exercice/mails\ar\in_transit.html [] []
[2024-01-24 20:09:42] app.INFO: Generate txt template in_transit at C:\xampp\htdocs\exercice/mails\ar\in_transit.txt [] []
[2024-01-24 20:09:42] app.INFO: Generate html template log_alert at C:\xampp\htdocs\exercice/mails\ar\log_alert.html [] []
[2024-01-24 20:09:42] app.INFO: Generate txt template log_alert at C:\xampp\htdocs\exercice/mails\ar\log_alert.txt [] []
[2024-01-24 20:09:42] app.INFO: Generate html template newsletter at C:\xampp\htdocs\exercice/mails\ar\newsletter.html [] []
[2024-01-24 20:09:42] app.INFO: Generate txt template newsletter at C:\xampp\htdocs\exercice/mails\ar\newsletter.txt [] []
[2024-01-24 20:09:42] app.INFO: Generate html template order_canceled at C:\xampp\htdocs\exercice/mails\ar\order_canceled.html [] []
[2024-01-24 20:09:42] app.INFO: Generate txt template order_canceled at C:\xampp\htdocs\exercice/mails\ar\order_canceled.txt [] []
[2024-01-24 20:09:42] app.INFO: Generate html template order_changed at C:\xampp\htdocs\exercice/mails\ar\order_changed.html [] []
[2024-01-24 20:09:42] app.INFO: Generate txt template order_changed at C:\xampp\htdocs\exercice/mails\ar\order_changed.txt [] []
[2024-01-24 20:09:42] app.INFO: Generate html template order_conf at C:\xampp\htdocs\exercice/mails\ar\order_conf.html [] []
[2024-01-24 20:09:42] app.INFO: Generate txt template order_conf at C:\xampp\htdocs\exercice/mails\ar\order_conf.txt [] []
[2024-01-24 20:09:42] app.INFO: Generate html template order_customer_comment at C:\xampp\htdocs\exercice/mails\ar\order_customer_comment.html [] []
[2024-01-24 20:09:42] app.INFO: Generate txt template order_customer_comment at C:\xampp\htdocs\exercice/mails\ar\order_customer_comment.txt [] []
[2024-01-24 20:09:42] app.INFO: Generate html template order_merchant_comment at C:\xampp\htdocs\exercice/mails\ar\order_merchant_comment.html [] []
[2024-01-24 20:09:42] app.INFO: Generate txt template order_merchant_comment at C:\xampp\htdocs\exercice/mails\ar\order_merchant_comment.txt [] []
[2024-01-24 20:09:42] app.INFO: Generate html template order_return_state at C:\xampp\htdocs\exercice/mails\ar\order_return_state.html [] []
[2024-01-24 20:09:42] app.INFO: Generate txt template order_return_state at C:\xampp\htdocs\exercice/mails\ar\order_return_state.txt [] []
[2024-01-24 20:09:42] app.INFO: Generate html template outofstock at C:\xampp\htdocs\exercice/mails\ar\outofstock.html [] []
[2024-01-24 20:09:42] app.INFO: Generate txt template outofstock at C:\xampp\htdocs\exercice/mails\ar\outofstock.txt [] []
[2024-01-24 20:09:42] app.INFO: Generate html template password at C:\xampp\htdocs\exercice/mails\ar\password.html [] []
[2024-01-24 20:09:42] app.INFO: Generate txt template password at C:\xampp\htdocs\exercice/mails\ar\password.txt [] []
[2024-01-24 20:09:42] app.INFO: Generate html template password_query at C:\xampp\htdocs\exercice/mails\ar\password_query.html [] []
[2024-01-24 20:09:42] app.INFO: Generate txt template password_query at C:\xampp\htdocs\exercice/mails\ar\password_query.txt [] []
[2024-01-24 20:09:42] app.INFO: Generate html template payment at C:\xampp\htdocs\exercice/mails\ar\payment.html [] []
[2024-01-24 20:09:42] app.INFO: Generate txt template payment at C:\xampp\htdocs\exercice/mails\ar\payment.txt [] []
[2024-01-24 20:09:42] app.INFO: Generate html template payment_error at C:\xampp\htdocs\exercice/mails\ar\payment_error.html [] []
[2024-01-24 20:09:42] app.INFO: Generate txt template payment_error at C:\xampp\htdocs\exercice/mails\ar\payment_error.txt [] []
[2024-01-24 20:09:42] app.INFO: Generate html template preparation at C:\xampp\htdocs\exercice/mails\ar\preparation.html [] []
[2024-01-24 20:09:42] app.INFO: Generate txt template preparation at C:\xampp\htdocs\exercice/mails\ar\preparation.txt [] []
[2024-01-24 20:09:43] app.INFO: Generate html template productoutofstock at C:\xampp\htdocs\exercice/mails\ar\productoutofstock.html [] []
[2024-01-24 20:09:43] app.INFO: Generate txt template productoutofstock at C:\xampp\htdocs\exercice/mails\ar\productoutofstock.txt [] []
[2024-01-24 20:09:43] app.INFO: Generate html template refund at C:\xampp\htdocs\exercice/mails\ar\refund.html [] []
[2024-01-24 20:09:43] app.INFO: Generate txt template refund at C:\xampp\htdocs\exercice/mails\ar\refund.txt [] []
[2024-01-24 20:09:43] app.INFO: Generate html template reply_msg at C:\xampp\htdocs\exercice/mails\ar\reply_msg.html [] []
[2024-01-24 20:09:43] app.INFO: Generate txt template reply_msg at C:\xampp\htdocs\exercice/mails\ar\reply_msg.txt [] []
[2024-01-24 20:09:43] app.INFO: Generate html template shipped at C:\xampp\htdocs\exercice/mails\ar\shipped.html [] []
[2024-01-24 20:09:43] app.INFO: Generate txt template shipped at C:\xampp\htdocs\exercice/mails\ar\shipped.txt [] []
[2024-01-24 20:09:43] app.INFO: Generate html template test at C:\xampp\htdocs\exercice/mails\ar\test.html [] []
[2024-01-24 20:09:43] app.INFO: Generate txt template test at C:\xampp\htdocs\exercice/mails\ar\test.txt [] []
[2024-01-24 20:09:43] app.INFO: Generate html template voucher at C:\xampp\htdocs\exercice/mails\ar\voucher.html [] []
[2024-01-24 20:09:43] app.INFO: Generate txt template voucher at C:\xampp\htdocs\exercice/mails\ar\voucher.txt [] []
[2024-01-24 20:09:43] app.INFO: Generate html template voucher_new at C:\xampp\htdocs\exercice/mails\ar\voucher_new.html [] []
[2024-01-24 20:09:43] app.INFO: Generate txt template voucher_new at C:\xampp\htdocs\exercice/mails\ar\voucher_new.txt [] []
[2024-01-24 20:09:43] app.INFO: Generate html template followup_1 at C:\xampp\htdocs\exercice/modules/\followup\mails\ar\followup_1.html [] []
[2024-01-24 20:09:43] app.INFO: Generate txt template followup_1 at C:\xampp\htdocs\exercice/modules/\followup\mails\ar\followup_1.txt [] []
[2024-01-24 20:09:43] app.INFO: Generate html template followup_2 at C:\xampp\htdocs\exercice/modules/\followup\mails\ar\followup_2.html [] []
[2024-01-24 20:09:43] app.INFO: Generate txt template followup_2 at C:\xampp\htdocs\exercice/modules/\followup\mails\ar\followup_2.txt [] []
[2024-01-24 20:09:43] app.INFO: Generate html template followup_3 at C:\xampp\htdocs\exercice/modules/\followup\mails\ar\followup_3.html [] []
[2024-01-24 20:09:43] app.INFO: Generate txt template followup_3 at C:\xampp\htdocs\exercice/modules/\followup\mails\ar\followup_3.txt [] []
[2024-01-24 20:09:43] app.INFO: Generate html template followup_4 at C:\xampp\htdocs\exercice/modules/\followup\mails\ar\followup_4.html [] []
[2024-01-24 20:09:43] app.INFO: Generate txt template followup_4 at C:\xampp\htdocs\exercice/modules/\followup\mails\ar\followup_4.txt [] []
[2024-01-24 20:09:43] app.INFO: Generate html template customer_qty at C:\xampp\htdocs\exercice/modules/\ps_emailalerts\mails\ar\customer_qty.html [] []
[2024-01-24 20:09:43] app.INFO: Generate txt template customer_qty at C:\xampp\htdocs\exercice/modules/\ps_emailalerts\mails\ar\customer_qty.txt [] []
[2024-01-24 20:09:43] app.INFO: Generate html template new_order at C:\xampp\htdocs\exercice/modules/\ps_emailalerts\mails\ar\new_order.html [] []
[2024-01-24 20:09:43] app.INFO: Generate txt template new_order at C:\xampp\htdocs\exercice/modules/\ps_emailalerts\mails\ar\new_order.txt [] []
[2024-01-24 20:09:43] app.INFO: Generate html template order_changed at C:\xampp\htdocs\exercice/modules/\ps_emailalerts\mails\ar\order_changed.html [] []
[2024-01-24 20:09:43] app.INFO: Generate txt template order_changed at C:\xampp\htdocs\exercice/modules/\ps_emailalerts\mails\ar\order_changed.txt [] []
[2024-01-24 20:09:43] app.INFO: Generate html template productcoverage at C:\xampp\htdocs\exercice/modules/\ps_emailalerts\mails\ar\productcoverage.html [] []
[2024-01-24 20:09:43] app.INFO: Generate txt template productcoverage at C:\xampp\htdocs\exercice/modules/\ps_emailalerts\mails\ar\productcoverage.txt [] []
[2024-01-24 20:09:43] app.INFO: Generate html template productoutofstock at C:\xampp\htdocs\exercice/modules/\ps_emailalerts\mails\ar\productoutofstock.html [] []
[2024-01-24 20:09:43] app.INFO: Generate txt template productoutofstock at C:\xampp\htdocs\exercice/modules/\ps_emailalerts\mails\ar\productoutofstock.txt [] []
[2024-01-24 20:09:43] app.INFO: Generate html template return_slip at C:\xampp\htdocs\exercice/modules/\ps_emailalerts\mails\ar\return_slip.html [] []
[2024-01-24 20:09:43] app.INFO: Generate txt template return_slip at C:\xampp\htdocs\exercice/modules/\ps_emailalerts\mails\ar\return_slip.txt [] []
[2024-01-24 20:09:43] app.INFO: Generate html template newsletter_conf at C:\xampp\htdocs\exercice/modules/\ps_emailsubscription\mails\ar\newsletter_conf.html [] []
[2024-01-24 20:09:43] app.INFO: Generate txt template newsletter_conf at C:\xampp\htdocs\exercice/modules/\ps_emailsubscription\mails\ar\newsletter_conf.txt [] []
[2024-01-24 20:09:43] app.INFO: Generate html template newsletter_verif at C:\xampp\htdocs\exercice/modules/\ps_emailsubscription\mails\ar\newsletter_verif.html [] []
[2024-01-24 20:09:43] app.INFO: Generate txt template newsletter_verif at C:\xampp\htdocs\exercice/modules/\ps_emailsubscription\mails\ar\newsletter_verif.txt [] []
[2024-01-24 20:09:43] app.INFO: Generate html template newsletter_voucher at C:\xampp\htdocs\exercice/modules/\ps_emailsubscription\mails\ar\newsletter_voucher.html [] []
[2024-01-24 20:09:43] app.INFO: Generate txt template newsletter_voucher at C:\xampp\htdocs\exercice/modules/\ps_emailsubscription\mails\ar\newsletter_voucher.txt [] []
[2024-01-24 20:09:44] app.INFO: Generate html template referralprogram-congratulations at C:\xampp\htdocs\exercice/modules/\referralprogram\mails\ar\referralprogram-congratulations.html [] []
[2024-01-24 20:09:44] app.INFO: Generate txt template referralprogram-congratulations at C:\xampp\htdocs\exercice/modules/\referralprogram\mails\ar\referralprogram-congratulations.txt [] []
[2024-01-24 20:09:44] app.INFO: Generate html template referralprogram-invitation at C:\xampp\htdocs\exercice/modules/\referralprogram\mails\ar\referralprogram-invitation.html [] []
[2024-01-24 20:09:44] app.INFO: Generate txt template referralprogram-invitation at C:\xampp\htdocs\exercice/modules/\referralprogram\mails\ar\referralprogram-invitation.txt [] []
[2024-01-24 20:09:44] app.INFO: Generate html template referralprogram-voucher at C:\xampp\htdocs\exercice/modules/\referralprogram\mails\ar\referralprogram-voucher.html [] []
[2024-01-24 20:09:44] app.INFO: Generate txt template referralprogram-voucher at C:\xampp\htdocs\exercice/modules/\referralprogram\mails\ar\referralprogram-voucher.txt [] []
